[2018/07/23 12:55:52] [25974] [/home/ubuntu/developer_dashboard-test/developer-dashboard-for-jira/lib/developerdashboard.pm] [131] [developerdashboard] [DEBUG] path captured path:/api/v1admin
[2018/07/23 12:56:26] [25974] [/home/ubuntu/developer_dashboard-test/developer-dashboard-for-jira/lib/developerdashboard.pm] [131] [developerdashboard] [DEBUG] path captured path:/api/v1admin
[2018/07/23 12:56:53] [25974] [/home/ubuntu/developer_dashboard-test/developer-dashboard-for-jira/lib/developerdashboard.pm] [131] [developerdashboard] [DEBUG] path captured path:/api/v1admin
[2018/07/23 12:57:06] [25974] [/home/ubuntu/developer_dashboard-test/developer-dashboard-for-jira/lib/developerdashboard.pm] [131] [developerdashboard] [DEBUG] path captured path:/api/v1admin
[2018/07/23 12:57:58] [25974] [/home/ubuntu/developer_dashboard-test/developer-dashboard-for-jira/lib/developerdashboard.pm] [131] [developerdashboard] [DEBUG] path captured path:/api/v1admin
[2018/07/23 12:57:58] [25974] [/home/ubuntu/developer_dashboard-test/developer-dashboard-for-jira/lib/developerdashboard.pm] [131] [developerdashboard] [DEBUG] path captured path:/api/v1admin
[2018/07/23 12:57:58] [25974] [/home/ubuntu/developer_dashboard-test/developer-dashboard-for-jira/lib/developerdashboard.pm] [131] [developerdashboard] [DEBUG] path captured path:/api/v1admin
[2018/07/23 12:58:21] [25974] [/home/ubuntu/developer_dashboard-test/developer-dashboard-for-jira/lib/developerdashboard.pm] [174] [developerdashboard] [ WARN] Failed login for unrecognised user asdsaddsada
[2018/07/23 12:58:25] [25974] [/home/ubuntu/developer_dashboard-test/developer-dashboard-for-jira/lib/developerdashboard.pm] [174] [developerdashboard] [ WARN] Failed login for unrecognised user sadsa
[2018/07/23 12:58:31] [25974] [/home/ubuntu/developer_dashboard-test/developer-dashboard-for-jira/lib/developerdashboard.pm] [174] [developerdashboard] [ WARN] Failed login for unrecognised user ada
[2018/07/23 13:01:06] [25974] [/home/ubuntu/developer_dashboard-test/developer-dashboard-for-jira/lib/developerdashboard.pm] [131] [developerdashboard] [DEBUG] path captured path:/api/v1admin
[2018/07/23 13:01:16] [25974] [/home/ubuntu/developer_dashboard-test/developer-dashboard-for-jira/lib/developerdashboard.pm] [131] [developerdashboard] [DEBUG] path captured path:/api/v1admin
[2018/07/23 13:01:44] [25974] [/home/ubuntu/developer_dashboard-test/developer-dashboard-for-jira/lib/developerdashboard.pm] [131] [developerdashboard] [DEBUG] path captured path:/api/v1admin
[2018/07/23 13:01:44] [25974] [/home/ubuntu/developer_dashboard-test/developer-dashboard-for-jira/lib/developerdashboard.pm] [131] [developerdashboard] [DEBUG] path captured path:/api/v1admin
[2018/07/23 13:02:58] [25974] [/home/ubuntu/developer_dashboard-test/developer-dashboard-for-jira/lib/developerdashboard.pm] [131] [developerdashboard] [DEBUG] path captured path:/api/v1admin
[2018/07/23 13:02:58] [25974] [/home/ubuntu/developer_dashboard-test/developer-dashboard-for-jira/lib/developerdashboard.pm] [131] [developerdashboard] [DEBUG] path captured path:/api/v1admin
[2018/07/23 13:02:58] [25974] [/home/ubuntu/developer_dashboard-test/developer-dashboard-for-jira/lib/developerdashboard.pm] [131] [developerdashboard] [DEBUG] path captured path:/api/v1admin
[2018/07/23 13:47:50] [25974] [/home/ubuntu/developer_dashboard-test/developer-dashboard-for-jira/lib/developerdashboard.pm] [131] [developerdashboard] [DEBUG] path captured path:/api/v1/admin/ping
[2018/07/23 13:48:30] [25974] [/home/ubuntu/developer_dashboard-test/developer-dashboard-for-jira/lib/developerdashboard.pm] [131] [developerdashboard] [DEBUG] path captured path:/api/v1/admin/ping
[2018/07/23 13:48:52] [25974] [/home/ubuntu/developer_dashboard-test/developer-dashboard-for-jira/lib/developerdashboard.pm] [131] [developerdashboard] [DEBUG] path captured path:/api/v1/admin/ping
[2018/07/23 13:49:30] [25974] [/home/ubuntu/developer_dashboard-test/developer-dashboard-for-jira/lib/developerdashboard.pm] [131] [developerdashboard] [DEBUG] path captured path:/api/v1/admin/ping
